This file contains any messages produced by compilers while
running configure, to aid debugging if configure makes a mistake.

It was created by static_app configure 1.0, which was
generated by GNU Autoconf 2.69.  Invocation command line was

  $ ./configure --prefix=/home/stocks/develop/liblolo/autotools/app_shared LIBTOOL=libtool

## --------- ##
## Platform. ##
## --------- ##

hostname = ubuntu
uname -m = x86_64
uname -r = 4.15.0-76-generic
uname -s = Linux
uname -v = #86-Ubuntu SMP Fri Jan 17 17:24:28 UTC 2020

/usr/bin/uname -p = unknown
/bin/uname -X     = unknown

/bin/arch              = unknown
/usr/bin/arch -k       = unknown
/usr/convex/getsysinfo = unknown
/usr/bin/hostinfo      = unknown
/bin/machine           = unknown
/usr/bin/oslevel       = unknown
/bin/universe          = unknown

PATH: /home/stocks/.vscode-server/bin/c3f126316369cd610563c75b1b1725e0679adfb3/bin
PATH: /home/stocks/.local/bin
PATH: /home/stocks/.vscode-server/bin/c3f126316369cd610563c75b1b1725e0679adfb3/bin
PATH: /usr/local/sbin
PATH: /usr/local/bin
PATH: /usr/sbin
PATH: /usr/bin
PATH: /sbin
PATH: /bin
PATH: /usr/games
PATH: /usr/local/games
PATH: /snap/bin


## ----------- ##
## Core tests. ##
## ----------- ##

configure:1843: checking for a BSD-compatible install
configure:1911: result: /usr/bin/install -c
configure:1922: checking whether build environment is sane
configure:1977: result: yes
configure:2128: checking for a thread-safe mkdir -p
configure:2167: result: /bin/mkdir -p
configure:2174: checking for gawk
configure:2204: result: no
configure:2174: checking for mawk
configure:2190: found /usr/bin/mawk
configure:2201: result: mawk
configure:2212: checking whether make sets $(MAKE)
configure:2234: result: yes
configure:2263: checking whether make supports nested variables
configure:2280: result: yes
configure:2454: checking for gcc
configure:2470: found /usr/bin/gcc
configure:2481: result: gcc
configure:2710: checking for C compiler version
configure:2719: gcc --version >&5
gcc (Ubuntu 7.4.0-1ubuntu1~18.04.1) 7.4.0
Copyright (C) 2017 Free Software Foundation, Inc.
This is free software; see the source for copying conditions.  There is NO
warranty; not even for MERCHANTABILITY or FITNESS FOR A PARTICULAR PURPOSE.

configure:2730: $? = 0
configure:2719: gcc -v >&5
Using built-in specs.
COLLECT_GCC=gcc
COLLECT_LTO_WRAPPER=/usr/lib/gcc/x86_64-linux-gnu/7/lto-wrapper
OFFLOAD_TARGET_NAMES=nvptx-none
OFFLOAD_TARGET_DEFAULT=1
Target: x86_64-linux-gnu
Configured with: ../src/configure -v --with-pkgversion='Ubuntu 7.4.0-1ubuntu1~18.04.1' --with-bugurl=file:///usr/share/doc/gcc-7/README.Bugs --enable-languages=c,ada,c++,go,brig,d,fortran,objc,obj-c++ --prefix=/usr --with-gcc-major-version-only --program-suffix=-7 --program-prefix=x86_64-linux-gnu- --enable-shared --enable-linker-build-id --libexecdir=/usr/lib --without-included-gettext --enable-threads=posix --libdir=/usr/lib --enable-nls --with-sysroot=/ --enable-clocale=gnu --enable-libstdcxx-debug --enable-libstdcxx-time=yes --with-default-libstdcxx-abi=new --enable-gnu-unique-object --disable-vtable-verify --enable-libmpx --enable-plugin --enable-default-pie --with-system-zlib --with-target-system-zlib --enable-objc-gc=auto --enable-multiarch --disable-werror --with-arch-32=i686 --with-abi=m64 --with-multilib-list=m32,m64,mx32 --enable-multilib --with-tune=generic --enable-offload-targets=nvptx-none --without-cuda-driver --enable-checking=release --build=x86_64-linux-gnu --host=x86_64-linux-gnu --target=x86_64-linux-gnu
Thread model: posix
gcc version 7.4.0 (Ubuntu 7.4.0-1ubuntu1~18.04.1) 
configure:2730: $? = 0
configure:2719: gcc -V >&5
gcc: error: unrecognized command line option '-V'
gcc: fatal error: no input files
compilation terminated.
configure:2730: $? = 1
configure:2719: gcc -qversion >&5
gcc: error: unrecognized command line option '-qversion'; did you mean '--version'?
gcc: fatal error: no input files
compilation terminated.
configure:2730: $? = 1
configure:2750: checking whether the C compiler works
configure:2772: gcc    conftest.c  >&5
configure:2776: $? = 0
configure:2824: result: yes
configure:2827: checking for C compiler default output file name
configure:2829: result: a.out
configure:2835: checking for suffix of executables
configure:2842: gcc -o conftest    conftest.c  >&5
configure:2846: $? = 0
configure:2868: result: 
configure:2890: checking whether we are cross compiling
configure:2898: gcc -o conftest    conftest.c  >&5
configure:2902: $? = 0
configure:2909: ./conftest
configure:2913: $? = 0
configure:2928: result: no
configure:2933: checking for suffix of object files
configure:2955: gcc -c   conftest.c >&5
configure:2959: $? = 0
configure:2980: result: o
configure:2984: checking whether we are using the GNU C compiler
configure:3003: gcc -c   conftest.c >&5
configure:3003: $? = 0
configure:3012: result: yes
configure:3021: checking whether gcc accepts -g
configure:3041: gcc -c -g  conftest.c >&5
configure:3041: $? = 0
configure:3082: result: yes
configure:3099: checking for gcc option to accept ISO C89
configure:3162: gcc  -c -g -O2  conftest.c >&5
configure:3162: $? = 0
configure:3175: result: none needed
configure:3200: checking whether gcc understands -c and -o together
configure:3222: gcc -c conftest.c -o conftest2.o
configure:3225: $? = 0
configure:3222: gcc -c conftest.c -o conftest2.o
configure:3225: $? = 0
configure:3237: result: yes
configure:3265: checking for style of include used by make
configure:3293: result: GNU
configure:3319: checking dependency style of gcc
configure:3430: result: gcc3
configure:3592: checking that generated files are newer than configure
configure:3598: result: done
configure:3621: creating ./config.status

## ---------------------- ##
## Running config.status. ##
## ---------------------- ##

This file was extended by static_app config.status 1.0, which was
generated by GNU Autoconf 2.69.  Invocation command line was

  CONFIG_FILES    = 
  CONFIG_HEADERS  = 
  CONFIG_LINKS    = 
  CONFIG_COMMANDS = 
  $ ./config.status 

on ubuntu

config.status:773: creating Makefile
config.status:945: executing depfiles commands

## ---------------- ##
## Cache variables. ##
## ---------------- ##

ac_cv_c_compiler_gnu=yes
ac_cv_env_CC_set=
ac_cv_env_CC_value=
ac_cv_env_CFLAGS_set=
ac_cv_env_CFLAGS_value=
ac_cv_env_CPPFLAGS_set=
ac_cv_env_CPPFLAGS_value=
ac_cv_env_LDFLAGS_set=
ac_cv_env_LDFLAGS_value=
ac_cv_env_LIBS_set=
ac_cv_env_LIBS_value=
ac_cv_env_build_alias_set=
ac_cv_env_build_alias_value=
ac_cv_env_host_alias_set=
ac_cv_env_host_alias_value=
ac_cv_env_target_alias_set=
ac_cv_env_target_alias_value=
ac_cv_objext=o
ac_cv_path_install='/usr/bin/install -c'
ac_cv_path_mkdir=/bin/mkdir
ac_cv_prog_AWK=mawk
ac_cv_prog_ac_ct_CC=gcc
ac_cv_prog_cc_c89=
ac_cv_prog_cc_g=yes
ac_cv_prog_make_make_set=yes
am_cv_CC_dependencies_compiler_type=gcc3
am_cv_make_support_nested_variables=yes
am_cv_prog_cc_c_o=yes

## ----------------- ##
## Output variables. ##
## ----------------- ##

ACLOCAL='${SHELL} /home/stocks/develop/liblolo/autotools/app_shared/missing aclocal-1.15'
AMDEPBACKSLASH='\'
AMDEP_FALSE='#'
AMDEP_TRUE=''
AMTAR='$${TAR-tar}'
AM_BACKSLASH='\'
AM_DEFAULT_V='$(AM_DEFAULT_VERBOSITY)'
AM_DEFAULT_VERBOSITY='1'
AM_V='$(V)'
AUTOCONF='${SHELL} /home/stocks/develop/liblolo/autotools/app_shared/missing autoconf'
AUTOHEADER='${SHELL} /home/stocks/develop/liblolo/autotools/app_shared/missing autoheader'
AUTOMAKE='${SHELL} /home/stocks/develop/liblolo/autotools/app_shared/missing automake-1.15'
AWK='mawk'
CC='gcc'
CCDEPMODE='depmode=gcc3'
CFLAGS='-g -O2'
CPPFLAGS=''
CYGPATH_W='echo'
DEFS='-DPACKAGE_NAME=\"static_app\" -DPACKAGE_TARNAME=\"static_app\" -DPACKAGE_VERSION=\"1.0\" -DPACKAGE_STRING=\"static_app\ 1.0\" -DPACKAGE_BUGREPORT=\"bug@static_app.org\" -DPACKAGE_URL=\"\" -DPACKAGE=\"static_app\" -DVERSION=\"1.0\"'
DEPDIR='.deps'
ECHO_C=''
ECHO_N='-n'
ECHO_T=''
EXEEXT=''
INSTALL_DATA='${INSTALL} -m 644'
INSTALL_PROGRAM='${INSTALL}'
INSTALL_SCRIPT='${INSTALL}'
INSTALL_STRIP_PROGRAM='$(install_sh) -c -s'
LDFLAGS=''
LIBOBJS=''
LIBS=''
LTLIBOBJS=''
MAKEINFO='${SHELL} /home/stocks/develop/liblolo/autotools/app_shared/missing makeinfo'
MKDIR_P='/bin/mkdir -p'
OBJEXT='o'
PACKAGE='static_app'
PACKAGE_BUGREPORT='bug@static_app.org'
PACKAGE_NAME='static_app'
PACKAGE_STRING='static_app 1.0'
PACKAGE_TARNAME='static_app'
PACKAGE_URL=''
PACKAGE_VERSION='1.0'
PATH_SEPARATOR=':'
SET_MAKE=''
SHELL='/bin/bash'
STRIP=''
VERSION='1.0'
ac_ct_CC='gcc'
am__EXEEXT_FALSE=''
am__EXEEXT_TRUE='#'
am__fastdepCC_FALSE='#'
am__fastdepCC_TRUE=''
am__include='include'
am__isrc=''
am__leading_dot='.'
am__nodep='_no'
am__quote=''
am__tar='$${TAR-tar} chof - "$$tardir"'
am__untar='$${TAR-tar} xf -'
bindir='${exec_prefix}/bin'
build_alias=''
datadir='${datarootdir}'
datarootdir='${prefix}/share'
docdir='${datarootdir}/doc/${PACKAGE_TARNAME}'
dvidir='${docdir}'
exec_prefix='${prefix}'
host_alias=''
htmldir='${docdir}'
includedir='${prefix}/include'
infodir='${datarootdir}/info'
install_sh='${SHELL} /home/stocks/develop/liblolo/autotools/app_shared/install-sh'
libdir='${exec_prefix}/lib'
libexecdir='${exec_prefix}/libexec'
localedir='${datarootdir}/locale'
localstatedir='${prefix}/var'
mandir='${datarootdir}/man'
mkdir_p='$(MKDIR_P)'
oldincludedir='/usr/include'
pdfdir='${docdir}'
prefix='/home/stocks/develop/liblolo/autotools/app_shared'
program_transform_name='s,x,x,'
psdir='${docdir}'
runstatedir='${localstatedir}/run'
sbindir='${exec_prefix}/sbin'
sharedstatedir='${prefix}/com'
sysconfdir='${prefix}/etc'
target_alias=''

## ----------- ##
## confdefs.h. ##
## ----------- ##

/* confdefs.h */
#define PACKAGE_NAME "static_app"
#define PACKAGE_TARNAME "static_app"
#define PACKAGE_VERSION "1.0"
#define PACKAGE_STRING "static_app 1.0"
#define PACKAGE_BUGREPORT "bug@static_app.org"
#define PACKAGE_URL ""
#define PACKAGE "static_app"
#define VERSION "1.0"

configure: exit 0

## ---------------------- ##
## Running config.status. ##
## ---------------------- ##

This file was extended by static_app config.status 1.0, which was
generated by GNU Autoconf 2.69.  Invocation command line was

  CONFIG_FILES    = 
  CONFIG_HEADERS  = 
  CONFIG_LINKS    = 
  CONFIG_COMMANDS = 
  $ ./config.status Makefile depfiles

on ubuntu

config.status:773: creating Makefile
config.status:945: executing depfiles commands
